<?xml version="1.0" encoding="UTF-8"?>
<!-- Generated by org.testng.reporters.JUnitXMLReporter -->
<testsuite ignored="0" hostname="Lavanya" failures="0" tests="3" name="Surefire test" time="0.051" errors="0" timestamp="2026-04-24T15:45:41 IST">
  <testcase classname="prgm1.ResultTest" name="testFail" time="0.02"/>
  <testcase classname="prgm1.ResultTest" name="testInvalid" time="0.001"/>
  <testcase classname="prgm1.ResultTest" name="testPass" time="0.001"/>
</testsuite> <!-- Surefire test -->
