<?xml version="1.0" encoding="UTF-8"?>
<testsuite name="prgm1.ResultTest" tests="3" skipped="0" failures="0" errors="0" timestamp="2026-04-24T10:37:10.964Z" hostname="LAVANYA" time="0.014">
  <properties/>
  <testcase name="testFail" classname="prgm1.ResultTest" time="0.01"/>
  <testcase name="testInvalid" classname="prgm1.ResultTest" time="0.0"/>
  <testcase name="testPass" classname="prgm1.ResultTest" time="0.0"/>
  <system-out><![CDATA[]]></system-out>
  <system-err><![CDATA[]]></system-err>
</testsuite>
