<?xml version="1.0" encoding="UTF-8"?>
<!-- Generated by org.testng.reporters.JUnitReportReporter -->
<testsuite hostname="Lavanya" failures="0" tests="3" name="prgm1.ResultTest" time="0.022" errors="0" timestamp="2026-04-24T15:45:42 IST" skipped="0">
  <testcase classname="prgm1.ResultTest" name="testPass" time="0.001"/>
  <system-out/>
  <testcase classname="prgm1.ResultTest" name="testInvalid" time="0.001"/>
  <system-out/>
  <testcase classname="prgm1.ResultTest" name="testFail" time="0.020"/>
  <system-out/>
</testsuite> <!-- prgm1.ResultTest -->
